<?xml version="1.0" encoding="UTF-8"?>
<!-- Generated by org.testng.reporters.JUnitReportReporter -->
<testsuite skipped="0" hostname="DESKTOP-VF7KHNU" name="testscripts.BaseTesting" tests="1" failures="0" timestamp="14 Apr 2020 13:24:52 GMT" time="25.182" errors="0">
  <testcase name="openProject" time="25.182" classname="testscripts.BaseTesting"/>
</testsuite> <!-- testscripts.BaseTesting -->
